12/23/23 1:27:54: live.scss - `` file not found for @import: live.scss on line 6, at column 1
12/23/23 2:12:59: live.scss - parse error: failed at `margin: ;` /home/hiforyou/hiforyou.pl/nestor.hiforyou.pl/wp-content/themes/happytheme/src/scss/components/navigation-desktop.scss on line 25, at column 13
12/23/23 4:05:23: live.scss - parse error: failed at `color: ;` /home/hiforyou/hiforyou.pl/nestor.hiforyou.pl/wp-content/themes/happytheme/src/scss/_header.scss on line 45, at column 9
12/23/23 4:05:25: live.scss - parse error: failed at `color: ;` /home/hiforyou/hiforyou.pl/nestor.hiforyou.pl/wp-content/themes/happytheme/src/scss/_header.scss on line 45, at column 9
12/23/23 8:38:37: live.scss - parse error: failed at `transform: ;` /home/hiforyou/hiforyou.pl/nestor.hiforyou.pl/wp-content/themes/happytheme/src/scss/_header.scss on line 19, at column 1
12/23/23 11:18:53: live.scss - Missing argument $n: components/navigation-mobile.scss on line 4, at column 13
Call Stack:
#0 import components/navigation-mobile.scss live.scss on line 7
12/25/23 12:45:10: live.scss - parse error: failed at `padding: ;` /home/hiforyou/hiforyou.pl/nestor.hiforyou.pl/wp-content/themes/happytheme/src/scss/components/navigation-mobile.scss on line 90, at column 17
12/26/23 11:14:24: live.scss - parse error: failed at `background-color: ;` /home/hiforyou/hiforyou.pl/nestor.hiforyou.pl/wp-content/themes/happytheme/src/scss/components/navigation-desktop.scss on line 72, at column 17
12/26/23 11:14:41: live.scss - parse error: failed at `background-color: ;` /home/hiforyou/hiforyou.pl/nestor.hiforyou.pl/wp-content/themes/happytheme/src/scss/components/navigation-desktop.scss on line 72, at column 17
12/27/23 2:27:03: live.scss - parse error: failed at `&-item` /home/hiforyou/hiforyou.pl/nestor.hiforyou.pl/wp-content/themes/happytheme/src/scss/_header.scss on line 73, at column 3
12/27/23 10:40:49: live.scss - parse error: failed at `,` /home/hiforyou/hiforyou.pl/nestor.hiforyou.pl/wp-content/themes/happytheme/src/scss/components/navigation-desktop.scss on line 53, at column 9
12/28/23 5:43:09: live.scss - parse error: failed at `fle` /home/hiforyou/hiforyou.pl/nestor.hiforyou.pl/wp-content/themes/happytheme/src/scss/components/navigation-mobile.scss on line 108, at column 4
12/29/23 9:20:45: live.scss - parse error: failed at `&_` /home/hiforyou/hiforyou.pl/nestor.hiforyou.pl/wp-content/themes/happytheme/src/scss/home/all-products.scss on line 7, at column 2
12/29/23 9:20:45: live.scss - parse error: failed at `&_` /home/hiforyou/hiforyou.pl/nestor.hiforyou.pl/wp-content/themes/happytheme/src/scss/home/all-products.scss on line 7, at column 2
12/29/23 7:10:08: live.scss - parse error: failed at `&__items-item` /home/hiforyou/hiforyou.pl/nestor.hiforyou.pl/wp-content/themes/happytheme/src/scss/home/all-products.scss on line 18, at column 1
12/29/23 7:16:57: live.scss - parse error: failed at `grid-template-columns: ());` /home/hiforyou/hiforyou.pl/nestor.hiforyou.pl/wp-content/themes/happytheme/src/scss/home/all-products.scss on line 20, at column 9
01/02/24 1:12:58: live.scss - parse error: failed at `df` /home/hiforyou/hiforyou.pl/nestor.hiforyou.pl/wp-content/themes/happytheme/src/scss/home/contact-us-main.scss on line 7, at column 9
01/02/24 4:49:19: live.scss - parse error: failed at `&-` /home/hiforyou/hiforyou.pl/nestor.hiforyou.pl/wp-content/themes/happytheme/src/scss/components/about-company.scss on line 30, at column 9
01/02/24 4:49:32: live.scss - parse error: failed at `bgc  ` /home/hiforyou/hiforyou.pl/nestor.hiforyou.pl/wp-content/themes/happytheme/src/scss/components/about-company.scss on line 31, at column 11
01/02/24 5:28:55: live.scss - parse error: failed at `justify-content: ;` /home/hiforyou/hiforyou.pl/nestor.hiforyou.pl/wp-content/themes/happytheme/src/scss/components/about-company.scss on line 21, at column 13
01/02/24 10:06:25: live.scss - `components/about-company.scss` file not found for @import: live.scss on line 19, at column 1
01/02/24 10:07:32: live.scss - `components/about-company.scss` file not found for @import: live.scss on line 19, at column 1
01/02/24 10:07:32: live.scss - `components/about-company.scss` file not found for @import: live.scss on line 19, at column 1
01/02/24 10:07:33: live.scss - `components/about-company.scss` file not found for @import: live.scss on line 19, at column 1
01/02/24 10:19:16: live.scss - parse error: failed at `&-item:ntf` /home/hiforyou/hiforyou.pl/nestor.hiforyou.pl/wp-content/themes/happytheme/src/scss/components/_flex-sales-office.scss on line 22, at column 9
01/03/24 10:41:01: live.scss - parse error: failed at `flex` /home/hiforyou/hiforyou.pl/nestor.hiforyou.pl/wp-content/themes/happytheme/src/scss/components/navigation-desktop.scss on line 65, at column 3
01/03/24 11:00:19: live.scss - parse error: failed at `justify-content: ;` /home/hiforyou/hiforyou.pl/nestor.hiforyou.pl/wp-content/themes/happytheme/src/scss/components/navigation-desktop.scss on line 23, at column 3
01/03/24 5:00:07: live.scss - parse error: failed at `tra` /home/hiforyou/hiforyou.pl/nestor.hiforyou.pl/wp-content/themes/happytheme/src/scss/components/_flex-about-company.scss on line 56, at column 4
01/03/24 5:30:45: live.scss - parse error: failed at `justify-content: ;` /home/hiforyou/hiforyou.pl/nestor.hiforyou.pl/wp-content/themes/happytheme/src/scss/components/_flex-sales-department.scss on line 18, at column 5
01/04/24 5:11:53: live.scss - parse error: failed at `margin-bottom: ;` /home/hiforyou/hiforyou.pl/nestor.hiforyou.pl/wp-content/themes/happytheme/src/scss/_footer.scss on line 15, at column 13
01/04/24 8:46:45: live.scss - `contact/contact.scss` file not found for @import: live.scss on line 25, at column 1
01/15/24 9:22:39: live.scss - parse error: failed at `@media(max-width:575px)` /home/hiforyou/hiforyou.pl/nestor.hiforyou.pl/wp-content/themes/happytheme/src/scss/_footer.scss on line 130, at column 3
01/15/24 9:25:59: live.scss - parse error: failed at `1px solid  #3A3A3A;` /home/hiforyou/hiforyou.pl/nestor.hiforyou.pl/wp-content/themes/happytheme/src/scss/_footer.scss on line 127, at column 4
01/18/24 10:41:20: live.scss - parse error: failed at `&` /home/hiforyou/hiforyou.pl/nestor.hiforyou.pl/wp-content/themes/happytheme/src/scss/products/_select-product.scss on line 37, at column 9
01/18/24 11:47:30: live.scss - `products/select-product.scss` file not found for @import: live.scss on line 29, at column 1
01/18/24 1:22:36: live.scss - parse error: failed at `.page-id-103 ` /home/hiforyou/hiforyou.pl/nestor.hiforyou.pl/wp-content/themes/happytheme/src/scss/products/_select-mat.scss on line 39, at column 4
01/18/24 2:21:31: live.scss - parse error: failed at `miin` /home/hiforyou/hiforyou.pl/nestor.hiforyou.pl/wp-content/themes/happytheme/src/scss/products/_select-mat.scss on line 30, at column 5
01/25/24 9:56:23: live.scss - parse error: failed at `@media(max-width)` /home/hiforyou/hiforyou.pl/nestor.hiforyou.pl/wp-content/themes/happytheme/src/scss/_footer.scss on line 9, at column 3
01/25/24 10:35:55: live.scss - parse error: failed at `flex` /home/hiforyou/hiforyou.pl/nestor.hiforyou.pl/wp-content/themes/happytheme/src/scss/_footer.scss on line 35, at column 4
01/28/24 6:36:34: live.scss - parse error: failed at `pa` /home/hiforyou/hiforyou.pl/nestor.hiforyou.pl/wp-content/themes/happytheme/src/scss/product/_selected-mat.scss on line 5, at column 9
02/01/24 5:03:58: live.scss - unexpected }: failed at `` /home/hiforyou/hiforyou.pl/nestor.hiforyou.pl/wp-content/themes/happytheme/src/scss/product/_selected-mat.scss on line 292, at column 2
02/06/24 11:30:36: home.scss - parse error: failed at `.` /home/hiforyou/hiforyou.pl/nestor.hiforyou.pl/wp-content/themes/happytheme/src/scss/home.scss on line 1, at column 0
02/06/24 11:32:37: home.scss - parse error: failed at `.` /home/hiforyou/hiforyou.pl/nestor.hiforyou.pl/wp-content/themes/happytheme/src/scss/home.scss on line 1, at column 0
02/06/24 11:36:39: product.scss - Undefined mixin default-button: product/_selected-mat.scss on line 202, at column 4
Call Stack:
#0 import product/_selected-mat.scss product.scss on line 1
02/06/24 11:38:40: product.scss - Undefined mixin default-button: product/_selected-mat.scss on line 202, at column 4
Call Stack:
#0 import product/_selected-mat.scss product.scss on line 1
02/06/24 11:40:41: product.scss - Undefined mixin default-button: product/_selected-mat.scss on line 202, at column 4
Call Stack:
#0 import product/_selected-mat.scss product.scss on line 1
02/06/24 11:42:42: product.scss - Undefined mixin default-button: product/_selected-mat.scss on line 202, at column 4
Call Stack:
#0 import product/_selected-mat.scss product.scss on line 1
02/06/24 11:44:43: product.scss - Undefined mixin default-button: product/_selected-mat.scss on line 202, at column 4
Call Stack:
#0 import product/_selected-mat.scss product.scss on line 1
02/06/24 11:46:45: product.scss - Undefined mixin default-button: product/_selected-mat.scss on line 202, at column 4
Call Stack:
#0 import product/_selected-mat.scss product.scss on line 1
02/06/24 11:48:45: product.scss - Undefined mixin default-button: product/_selected-mat.scss on line 202, at column 4
Call Stack:
#0 import product/_selected-mat.scss product.scss on line 1
02/06/24 11:50:46: product.scss - Undefined mixin default-button: product/_selected-mat.scss on line 202, at column 4
Call Stack:
#0 import product/_selected-mat.scss product.scss on line 1
02/06/24 11:52:47: product.scss - Undefined mixin default-button: product/_selected-mat.scss on line 202, at column 4
Call Stack:
#0 import product/_selected-mat.scss product.scss on line 1
02/06/24 11:54:48: product.scss - Undefined mixin default-button: product/_selected-mat.scss on line 202, at column 4
Call Stack:
#0 import product/_selected-mat.scss product.scss on line 1
02/06/24 11:56:49: product.scss - Undefined mixin default-button: product/_selected-mat.scss on line 202, at column 4
Call Stack:
#0 import product/_selected-mat.scss product.scss on line 1
02/06/24 12:00:51: product.scss - Undefined mixin default-button: product/_selected-mat.scss on line 202, at column 4
Call Stack:
#0 import product/_selected-mat.scss product.scss on line 1
02/06/24 12:02:52: product.scss - Undefined mixin default-button: product/_selected-mat.scss on line 202, at column 4
Call Stack:
#0 import product/_selected-mat.scss product.scss on line 1
02/06/24 12:04:53: product.scss - Undefined mixin default-button: product/_selected-mat.scss on line 202, at column 4
Call Stack:
#0 import product/_selected-mat.scss product.scss on line 1
02/07/24 2:41:16: product.scss - unexpected }: failed at `` /home/hiforyou/hiforyou.pl/nestor.hiforyou.pl/wp-content/themes/happytheme/src/scss/product/_selected-mat.scss on line 318, at column 2
06/09/24 6:33:44: product-category.scss - Undefined mixin bodytext-16-regular2: product-category/_cat-seo.scss on line 40, at column 9
Call Stack:
#0 import product-category/_cat-seo.scss product-category.scss on line 5
06/09/24 6:33:44: home.scss - It's not clear which file to import. Found:
  home/_intro.scss
  home/intro.scss: home.scss on line 6, at column 1
Call Stack:
#0 import product-category/_cat-seo.scss product-category.scss on line 5
06/09/24 6:33:46: product-category.scss - Undefined mixin bodytext-16-regular2: product-category/_cat-seo.scss on line 40, at column 9
Call Stack:
#0 import product-category/_cat-seo.scss product-category.scss on line 5
06/09/24 6:33:46: home.scss - It's not clear which file to import. Found:
  home/_intro.scss
  home/intro.scss: home.scss on line 6, at column 1
Call Stack:
#0 import product-category/_cat-seo.scss product-category.scss on line 5
06/09/24 6:33:58: product-category.scss - Undefined mixin bodytext-16-regular2: product-category/_cat-seo.scss on line 40, at column 9
Call Stack:
#0 import product-category/_cat-seo.scss product-category.scss on line 5
06/09/24 6:33:58: home.scss - It's not clear which file to import. Found:
  home/_intro.scss
  home/intro.scss: home.scss on line 6, at column 1
Call Stack:
#0 import product-category/_cat-seo.scss product-category.scss on line 5
06/09/24 6:39:09: product-category.scss - Undefined mixin bodytext-16-regular2: product-category/_cat-seo.scss on line 40, at column 9
Call Stack:
#0 import product-category/_cat-seo.scss product-category.scss on line 5
06/09/24 6:39:09: home.scss - It's not clear which file to import. Found:
  home/_intro.scss
  home/intro.scss: home.scss on line 6, at column 1
Call Stack:
#0 import product-category/_cat-seo.scss product-category.scss on line 5
06/09/24 6:41:03: product-category.scss - Undefined mixin bodytext-16-regular2: product-category/_cat-seo.scss on line 40, at column 9
Call Stack:
#0 import product-category/_cat-seo.scss product-category.scss on line 5
06/09/24 6:41:03: home.scss - It's not clear which file to import. Found:
  home/_intro.scss
  home/intro.scss: home.scss on line 6, at column 1
Call Stack:
#0 import product-category/_cat-seo.scss product-category.scss on line 5
06/09/24 6:41:08: product-category.scss - Undefined mixin bodytext-16-regular2: product-category/_cat-seo.scss on line 40, at column 9
Call Stack:
#0 import product-category/_cat-seo.scss product-category.scss on line 5
06/09/24 6:41:08: home.scss - It's not clear which file to import. Found:
  home/_intro.scss
  home/intro.scss: home.scss on line 6, at column 1
Call Stack:
#0 import product-category/_cat-seo.scss product-category.scss on line 5
06/09/24 6:41:15: product-category.scss - Undefined mixin bodytext-16-regular2: product-category/_cat-seo.scss on line 40, at column 9
Call Stack:
#0 import product-category/_cat-seo.scss product-category.scss on line 5
06/09/24 6:41:15: home.scss - It's not clear which file to import. Found:
  home/_intro.scss
  home/intro.scss: home.scss on line 6, at column 1
Call Stack:
#0 import product-category/_cat-seo.scss product-category.scss on line 5
06/09/24 6:41:16: product-category.scss - Undefined mixin bodytext-16-regular2: product-category/_cat-seo.scss on line 40, at column 9
Call Stack:
#0 import product-category/_cat-seo.scss product-category.scss on line 5
06/09/24 6:41:16: home.scss - It's not clear which file to import. Found:
  home/_intro.scss
  home/intro.scss: home.scss on line 6, at column 1
Call Stack:
#0 import product-category/_cat-seo.scss product-category.scss on line 5
06/09/24 6:41:16: product-category.scss - Undefined mixin bodytext-16-regular2: product-category/_cat-seo.scss on line 40, at column 9
Call Stack:
#0 import product-category/_cat-seo.scss product-category.scss on line 5
06/09/24 6:41:16: home.scss - It's not clear which file to import. Found:
  home/_intro.scss
  home/intro.scss: home.scss on line 6, at column 1
Call Stack:
#0 import product-category/_cat-seo.scss product-category.scss on line 5
06/09/24 6:43:12: product-category.scss - Undefined mixin bodytext-16-regular2: product-category/_cat-seo.scss on line 40, at column 9
Call Stack:
#0 import product-category/_cat-seo.scss product-category.scss on line 5
06/09/24 6:43:12: home.scss - It's not clear which file to import. Found:
  home/_intro.scss
  home/intro.scss: home.scss on line 6, at column 1
Call Stack:
#0 import product-category/_cat-seo.scss product-category.scss on line 5
06/09/24 6:43:14: product-category.scss - Undefined mixin bodytext-16-regular2: product-category/_cat-seo.scss on line 40, at column 9
Call Stack:
#0 import product-category/_cat-seo.scss product-category.scss on line 5
06/09/24 6:43:14: home.scss - It's not clear which file to import. Found:
  home/_intro.scss
  home/intro.scss: home.scss on line 6, at column 1
Call Stack:
#0 import product-category/_cat-seo.scss product-category.scss on line 5
06/09/24 6:43:17: product-category.scss - Undefined mixin bodytext-16-regular2: product-category/_cat-seo.scss on line 40, at column 9
Call Stack:
#0 import product-category/_cat-seo.scss product-category.scss on line 5
06/09/24 6:43:17: home.scss - It's not clear which file to import. Found:
  home/_intro.scss
  home/intro.scss: home.scss on line 6, at column 1
Call Stack:
#0 import product-category/_cat-seo.scss product-category.scss on line 5
06/09/24 6:43:18: product-category.scss - Undefined mixin bodytext-16-regular2: product-category/_cat-seo.scss on line 40, at column 9
Call Stack:
#0 import product-category/_cat-seo.scss product-category.scss on line 5
06/09/24 6:43:18: home.scss - It's not clear which file to import. Found:
  home/_intro.scss
  home/intro.scss: home.scss on line 6, at column 1
Call Stack:
#0 import product-category/_cat-seo.scss product-category.scss on line 5
06/09/24 6:43:22: product-category.scss - Undefined mixin bodytext-16-regular2: product-category/_cat-seo.scss on line 40, at column 9
Call Stack:
#0 import product-category/_cat-seo.scss product-category.scss on line 5
06/09/24 6:43:22: home.scss - It's not clear which file to import. Found:
  home/_intro.scss
  home/intro.scss: home.scss on line 6, at column 1
Call Stack:
#0 import product-category/_cat-seo.scss product-category.scss on line 5
06/09/24 6:43:23: product-category.scss - Undefined mixin bodytext-16-regular2: product-category/_cat-seo.scss on line 40, at column 9
Call Stack:
#0 import product-category/_cat-seo.scss product-category.scss on line 5
06/09/24 6:43:23: home.scss - It's not clear which file to import. Found:
  home/_intro.scss
  home/intro.scss: home.scss on line 6, at column 1
Call Stack:
#0 import product-category/_cat-seo.scss product-category.scss on line 5
06/09/24 6:43:30: product-category.scss - Undefined mixin bodytext-16-regular2: product-category/_cat-seo.scss on line 40, at column 9
Call Stack:
#0 import product-category/_cat-seo.scss product-category.scss on line 5
06/09/24 6:43:30: home.scss - It's not clear which file to import. Found:
  home/_intro.scss
  home/intro.scss: home.scss on line 6, at column 1
Call Stack:
#0 import product-category/_cat-seo.scss product-category.scss on line 5
06/09/24 6:43:31: product-category.scss - Undefined mixin bodytext-16-regular2: product-category/_cat-seo.scss on line 40, at column 9
Call Stack:
#0 import product-category/_cat-seo.scss product-category.scss on line 5
06/09/24 6:43:31: home.scss - It's not clear which file to import. Found:
  home/_intro.scss
  home/intro.scss: home.scss on line 6, at column 1
Call Stack:
#0 import product-category/_cat-seo.scss product-category.scss on line 5
06/09/24 6:45:17: product-category.scss - Undefined mixin bodytext-16-regular2: product-category/_cat-seo.scss on line 40, at column 9
Call Stack:
#0 import product-category/_cat-seo.scss product-category.scss on line 5
06/09/24 6:45:17: home.scss - It's not clear which file to import. Found:
  home/_intro.scss
  home/intro.scss: home.scss on line 6, at column 1
Call Stack:
#0 import product-category/_cat-seo.scss product-category.scss on line 5
06/09/24 6:45:31: product-category.scss - Undefined mixin bodytext-16-regular2: product-category/_cat-seo.scss on line 40, at column 9
Call Stack:
#0 import product-category/_cat-seo.scss product-category.scss on line 5
06/09/24 6:45:31: home.scss - It's not clear which file to import. Found:
  home/_intro.scss
  home/intro.scss: home.scss on line 6, at column 1
Call Stack:
#0 import product-category/_cat-seo.scss product-category.scss on line 5
06/09/24 6:47:17: home.scss - It's not clear which file to import. Found:
  home/_intro.scss
  home/intro.scss: home.scss on line 6, at column 1
06/09/24 6:47:31: home.scss - It's not clear which file to import. Found:
  home/_intro.scss
  home/intro.scss: home.scss on line 6, at column 1
06/09/24 6:49:17: home.scss - It's not clear which file to import. Found:
  home/_intro.scss
  home/intro.scss: home.scss on line 6, at column 1
06/09/24 6:49:35: home.scss - It's not clear which file to import. Found:
  home/_intro.scss
  home/intro.scss: home.scss on line 6, at column 1
