05/20/24 6:31:45: live.scss - Undefined mixin archivo-24-300: _basic.scss on line 396, at column 4
Call Stack:
#0 import _basic.scss live.scss on line 2
05/20/24 6:31:50: live.scss - Undefined mixin archivo-24-300: _basic.scss on line 396, at column 4
Call Stack:
#0 import _basic.scss live.scss on line 2
05/20/24 6:32:07: live.scss - Undefined mixin archivo-24-300: _basic.scss on line 396, at column 4
Call Stack:
#0 import _basic.scss live.scss on line 2
05/20/24 6:32:13: live.scss - Undefined mixin archivo-24-300: _basic.scss on line 396, at column 4
Call Stack:
#0 import _basic.scss live.scss on line 2
05/20/24 6:32:58: live.scss - Undefined mixin archivo-24-300: _basic.scss on line 396, at column 4
Call Stack:
#0 import _basic.scss live.scss on line 2
05/20/24 6:32:58: live.scss - Undefined mixin archivo-24-300: _basic.scss on line 396, at column 4
Call Stack:
#0 import _basic.scss live.scss on line 2
05/20/24 6:33:14: live.scss - Undefined mixin archivo-24-300: _basic.scss on line 396, at column 4
Call Stack:
#0 import _basic.scss live.scss on line 2
05/20/24 6:34:14: live.scss - Undefined mixin archivo-24-300: _basic.scss on line 396, at column 4
Call Stack:
#0 import _basic.scss live.scss on line 2
05/20/24 6:34:57: live.scss - Undefined mixin archivo-24-300: _basic.scss on line 396, at column 4
Call Stack:
#0 import _basic.scss live.scss on line 2
05/20/24 6:34:57: live.scss - Undefined mixin archivo-24-300: _basic.scss on line 396, at column 4
Call Stack:
#0 import _basic.scss live.scss on line 2
05/20/24 6:35:14: live.scss - Undefined mixin archivo-24-300: _basic.scss on line 396, at column 4
Call Stack:
#0 import _basic.scss live.scss on line 2
05/20/24 6:35:56: live.scss - Undefined mixin archivo-24-300: _basic.scss on line 396, at column 4
Call Stack:
#0 import _basic.scss live.scss on line 2
05/20/24 6:36:12: live.scss - Undefined mixin archivo-24-300: _basic.scss on line 396, at column 4
Call Stack:
#0 import _basic.scss live.scss on line 2
05/20/24 6:36:44: live.scss - Undefined mixin archivo-24-300: _basic.scss on line 396, at column 4
Call Stack:
#0 import _basic.scss live.scss on line 2
05/20/24 6:36:51: live.scss - Undefined mixin archivo-24-300: _basic.scss on line 396, at column 4
Call Stack:
#0 import _basic.scss live.scss on line 2
05/20/24 6:37:16: live.scss - Undefined mixin archivo-24-300: _basic.scss on line 396, at column 4
Call Stack:
#0 import _basic.scss live.scss on line 2
05/20/24 6:37:16: live.scss - Undefined mixin archivo-24-300: _basic.scss on line 396, at column 4
Call Stack:
#0 import _basic.scss live.scss on line 2
05/20/24 6:37:29: live.scss - Undefined mixin archivo-24-300: _basic.scss on line 396, at column 4
Call Stack:
#0 import _basic.scss live.scss on line 2
05/20/24 6:37:44: live.scss - Undefined mixin archivo-24-300: _basic.scss on line 396, at column 4
Call Stack:
#0 import _basic.scss live.scss on line 2
05/20/24 6:37:46: live.scss - Undefined mixin archivo-24-300: _basic.scss on line 396, at column 4
Call Stack:
#0 import _basic.scss live.scss on line 2
05/20/24 6:37:47: live.scss - Undefined mixin archivo-24-300: _basic.scss on line 396, at column 4
Call Stack:
#0 import _basic.scss live.scss on line 2
05/20/24 6:38:04: live.scss - Undefined mixin archivo-24-300: _basic.scss on line 396, at column 4
Call Stack:
#0 import _basic.scss live.scss on line 2
05/20/24 6:38:22: live.scss - Undefined mixin archivo-24-300: _basic.scss on line 396, at column 4
Call Stack:
#0 import _basic.scss live.scss on line 2
05/20/24 6:38:29: live.scss - Undefined mixin archivo-24-300: _basic.scss on line 396, at column 4
Call Stack:
#0 import _basic.scss live.scss on line 2
05/20/24 6:38:30: live.scss - Undefined mixin archivo-24-300: _basic.scss on line 396, at column 4
Call Stack:
#0 import _basic.scss live.scss on line 2
05/20/24 6:38:45: live.scss - Undefined mixin archivo-24-300: _basic.scss on line 396, at column 4
Call Stack:
#0 import _basic.scss live.scss on line 2
05/20/24 6:39:20: live.scss - Undefined mixin archivo-24-300: _basic.scss on line 396, at column 4
Call Stack:
#0 import _basic.scss live.scss on line 2
05/20/24 6:39:28: live.scss - Undefined mixin archivo-24-300: _basic.scss on line 396, at column 4
Call Stack:
#0 import _basic.scss live.scss on line 2
05/20/24 6:39:29: live.scss - Undefined mixin archivo-24-300: _basic.scss on line 396, at column 4
Call Stack:
#0 import _basic.scss live.scss on line 2
05/22/24 9:08:35: home.scss - `home/_professional-wipers.scss` file not found for @import: home.scss on line 6, at column 1
05/22/24 9:08:48: home.scss - `home/_professional-wipers.scss` file not found for @import: home.scss on line 6, at column 1
05/22/24 10:06:28: home.scss - parse error: failed at `grid-template-columns: minmax(100px, 681px));` /home/dm68796/strony_robocze/nestor2.hiforyou.pl/wp-content/themes/happytheme/src/scss/home/_professional-wipers.scss on line 132, at column 10
05/22/24 10:06:30: home.scss - parse error: failed at `grid-template-columns: minmax(100px, 681px));` /home/dm68796/strony_robocze/nestor2.hiforyou.pl/wp-content/themes/happytheme/src/scss/home/_professional-wipers.scss on line 132, at column 10
05/22/24 1:34:15: live.scss - Undefined mixin bodytext-14-regular: _reset.scss on line 78, at column 7
Call Stack:
#0 import _reset.scss live.scss on line 1
05/22/24 1:34:27: live.scss - Undefined mixin bodytext-14-regular: _reset.scss on line 78, at column 7
Call Stack:
#0 import _reset.scss live.scss on line 1
05/22/24 1:34:34: live.scss - Undefined mixin bodytext-14-regular: _reset.scss on line 78, at column 7
Call Stack:
#0 import _reset.scss live.scss on line 1
05/22/24 1:34:36: live.scss - Undefined mixin bodytext-14-regular: _reset.scss on line 78, at column 7
Call Stack:
#0 import _reset.scss live.scss on line 1
05/22/24 1:34:38: live.scss - Undefined mixin bodytext-14-regular: _reset.scss on line 78, at column 7
Call Stack:
#0 import _reset.scss live.scss on line 1
05/22/24 1:34:40: live.scss - Undefined mixin bodytext-14-regular: _reset.scss on line 78, at column 7
Call Stack:
#0 import _reset.scss live.scss on line 1
05/22/24 1:34:42: live.scss - Undefined mixin bodytext-14-regular: _reset.scss on line 78, at column 7
Call Stack:
#0 import _reset.scss live.scss on line 1
05/22/24 1:34:43: live.scss - Undefined mixin bodytext-14-regular: _reset.scss on line 78, at column 7
Call Stack:
#0 import _reset.scss live.scss on line 1
05/22/24 1:34:43: live.scss - Undefined mixin bodytext-14-regular: _reset.scss on line 78, at column 7
Call Stack:
#0 import _reset.scss live.scss on line 1
05/22/24 1:34:44: live.scss - Undefined mixin bodytext-14-regular: _reset.scss on line 78, at column 7
Call Stack:
#0 import _reset.scss live.scss on line 1
05/22/24 1:34:46: live.scss - Undefined mixin bodytext-14-regular: _reset.scss on line 78, at column 7
Call Stack:
#0 import _reset.scss live.scss on line 1
05/22/24 1:34:47: live.scss - Undefined mixin bodytext-14-regular: _reset.scss on line 78, at column 7
Call Stack:
#0 import _reset.scss live.scss on line 1
05/22/24 1:34:47: live.scss - Undefined mixin bodytext-14-regular: _reset.scss on line 78, at column 7
Call Stack:
#0 import _reset.scss live.scss on line 1
05/22/24 1:35:06: live.scss - Undefined mixin bodytext-14-regular: _reset.scss on line 78, at column 7
Call Stack:
#0 import _reset.scss live.scss on line 1
05/22/24 1:35:37: live.scss - Undefined mixin bodytext-14-regular: _reset.scss on line 78, at column 7
Call Stack:
#0 import _reset.scss live.scss on line 1
05/22/24 1:35:40: live.scss - Undefined mixin bodytext-14-regular: _reset.scss on line 78, at column 7
Call Stack:
#0 import _reset.scss live.scss on line 1
05/22/24 1:36:15: live.scss - Undefined mixin bodytext-14-regular: _reset.scss on line 78, at column 7
Call Stack:
#0 import _reset.scss live.scss on line 1
05/22/24 1:36:44: live.scss - Undefined mixin bodytext-14-regular: _reset.scss on line 78, at column 7
Call Stack:
#0 import _reset.scss live.scss on line 1
05/22/24 1:36:48: live.scss - Undefined mixin bodytext-14-regular: _reset.scss on line 78, at column 7
Call Stack:
#0 import _reset.scss live.scss on line 1
05/22/24 1:37:07: live.scss - Undefined mixin bodytext-14-regular: _reset.scss on line 78, at column 7
Call Stack:
#0 import _reset.scss live.scss on line 1
05/27/24 1:36:39: live.scss - Undefined mixin light-slide-down-fix: _animations.scss on line 98, at column 5
Call Stack:
#0 import _animations.scss live.scss on line 6
05/27/24 1:36:40: live.scss - Undefined mixin light-slide-down-fix: _animations.scss on line 98, at column 5
Call Stack:
#0 import _animations.scss live.scss on line 6
05/27/24 1:36:53: live.scss - Undefined mixin light-slide-down-fix: _animations.scss on line 98, at column 5
Call Stack:
#0 import _animations.scss live.scss on line 6
05/27/24 1:36:55: live.scss - Undefined mixin light-slide-down-fix: _animations.scss on line 98, at column 5
Call Stack:
#0 import _animations.scss live.scss on line 6
05/27/24 1:37:01: live.scss - Undefined mixin light-slide-down-fix: _animations.scss on line 98, at column 5
Call Stack:
#0 import _animations.scss live.scss on line 6
05/27/24 1:37:06: live.scss - Undefined mixin light-slide-down-fix: _animations.scss on line 98, at column 5
Call Stack:
#0 import _animations.scss live.scss on line 6
05/27/24 1:37:09: live.scss - Undefined mixin light-slide-down-fix: _animations.scss on line 98, at column 5
Call Stack:
#0 import _animations.scss live.scss on line 6
05/27/24 1:37:11: live.scss - Undefined mixin light-slide-down-fix: _animations.scss on line 98, at column 5
Call Stack:
#0 import _animations.scss live.scss on line 6
05/27/24 1:37:13: live.scss - Undefined mixin light-slide-down-fix: _animations.scss on line 98, at column 5
Call Stack:
#0 import _animations.scss live.scss on line 6
05/27/24 1:37:17: live.scss - Undefined mixin light-slide-down-fix: _animations.scss on line 98, at column 5
Call Stack:
#0 import _animations.scss live.scss on line 6
05/27/24 1:37:22: live.scss - Undefined mixin light-slide-down-fix: _animations.scss on line 98, at column 5
Call Stack:
#0 import _animations.scss live.scss on line 6
05/27/24 1:37:29: live.scss - Undefined mixin light-slide-down-fix: _animations.scss on line 98, at column 5
Call Stack:
#0 import _animations.scss live.scss on line 6
05/27/24 1:37:32: live.scss - Undefined mixin light-slide-down-fix: _animations.scss on line 98, at column 5
Call Stack:
#0 import _animations.scss live.scss on line 6
05/27/24 1:37:35: live.scss - Undefined mixin light-slide-down-fix: _animations.scss on line 98, at column 5
Call Stack:
#0 import _animations.scss live.scss on line 6
05/27/24 1:37:42: live.scss - Undefined mixin light-slide-down-fix: _animations.scss on line 98, at column 5
Call Stack:
#0 import _animations.scss live.scss on line 6
05/27/24 1:37:45: live.scss - Undefined mixin tran-del-10: _animations.scss on line 124, at column 4
Call Stack:
#0 import _animations.scss live.scss on line 6
05/27/24 1:37:47: live.scss - Undefined mixin tran-del-10: _animations.scss on line 124, at column 4
Call Stack:
#0 import _animations.scss live.scss on line 6
05/27/24 1:37:49: live.scss - Undefined mixin tran-del-10: _animations.scss on line 124, at column 4
Call Stack:
#0 import _animations.scss live.scss on line 6
05/27/24 1:37:52: live.scss - Undefined mixin tran-del-10: _animations.scss on line 124, at column 4
Call Stack:
#0 import _animations.scss live.scss on line 6
05/27/24 1:37:55: live.scss - Undefined mixin tran-del-10: _animations.scss on line 124, at column 4
Call Stack:
#0 import _animations.scss live.scss on line 6
05/27/24 1:37:57: live.scss - Undefined mixin tran-del-10: _animations.scss on line 124, at column 4
Call Stack:
#0 import _animations.scss live.scss on line 6
05/27/24 1:38:00: live.scss - Undefined mixin tran-del-10: _animations.scss on line 124, at column 4
Call Stack:
#0 import _animations.scss live.scss on line 6
05/27/24 1:38:02: live.scss - Undefined mixin tran-del-10: _animations.scss on line 124, at column 4
Call Stack:
#0 import _animations.scss live.scss on line 6
05/27/24 1:38:05: live.scss - Undefined mixin tran-del-10: _animations.scss on line 124, at column 4
Call Stack:
#0 import _animations.scss live.scss on line 6
05/27/24 1:38:08: live.scss - Undefined mixin tran-del-10: _animations.scss on line 124, at column 4
Call Stack:
#0 import _animations.scss live.scss on line 6
05/27/24 1:38:11: live.scss - Undefined mixin tran-del-10: _animations.scss on line 124, at column 4
Call Stack:
#0 import _animations.scss live.scss on line 6
05/27/24 1:38:21: live.scss - Undefined mixin tran-del-10: _animations.scss on line 124, at column 4
Call Stack:
#0 import _animations.scss live.scss on line 6
05/27/24 1:38:24: live.scss - Undefined mixin tran-del-10: _animations.scss on line 124, at column 4
Call Stack:
#0 import _animations.scss live.scss on line 6
05/27/24 1:38:34: live.scss - Undefined mixin tran-del-10: _animations.scss on line 124, at column 4
Call Stack:
#0 import _animations.scss live.scss on line 6
05/27/24 1:38:39: live.scss - Undefined mixin tran-del-10: _animations.scss on line 124, at column 4
Call Stack:
#0 import _animations.scss live.scss on line 6
05/27/24 1:38:42: live.scss - Undefined mixin tran-del-10: _animations.scss on line 124, at column 4
Call Stack:
#0 import _animations.scss live.scss on line 6
05/27/24 1:38:44: live.scss - Undefined mixin tran-del-10: _animations.scss on line 124, at column 4
Call Stack:
#0 import _animations.scss live.scss on line 6
05/27/24 1:38:48: live.scss - Undefined mixin tran-del-10: _animations.scss on line 124, at column 4
Call Stack:
#0 import _animations.scss live.scss on line 6
05/27/24 1:38:50: live.scss - Undefined mixin tran-del-10: _animations.scss on line 124, at column 4
Call Stack:
#0 import _animations.scss live.scss on line 6
05/27/24 1:38:59: live.scss - Undefined mixin tran-del-10: _animations.scss on line 124, at column 4
Call Stack:
#0 import _animations.scss live.scss on line 6
05/27/24 1:39:35: live.scss - Undefined mixin tran-del-10: _animations.scss on line 124, at column 4
Call Stack:
#0 import _animations.scss live.scss on line 6
05/27/24 1:39:40: live.scss - Undefined mixin tran-del-10: _animations.scss on line 124, at column 4
Call Stack:
#0 import _animations.scss live.scss on line 6
05/27/24 1:39:41: live.scss - Undefined mixin tran-del-10: _animations.scss on line 124, at column 4
Call Stack:
#0 import _animations.scss live.scss on line 6
05/27/24 1:39:58: live.scss - Undefined mixin tran-del-10: _animations.scss on line 124, at column 4
Call Stack:
#0 import _animations.scss live.scss on line 6
05/27/24 1:46:00: live.scss - Undefined mixin slide-to-left: _animations.scss on line 92, at column 4
Call Stack:
#0 import _animations.scss live.scss on line 6
05/27/24 1:48:01: live.scss - Undefined mixin slide-to-left: _animations.scss on line 408, at column 4
Call Stack:
#0 import _animations.scss live.scss on line 6
